2025-02-17 11:43:58,634:INFO:Soft dependency imported: prophet: 1.1.6
2025-02-17 11:47:13,380:INFO:PyCaret TSForecastingExperiment
2025-02-17 11:47:13,381:INFO:Logging name: ts-default-name
2025-02-17 11:47:13,381:INFO:ML Usecase: MLUsecase.TIME_SERIES
2025-02-17 11:47:13,381:INFO:version 3.3.2
2025-02-17 11:47:13,381:INFO:Initializing setup()
2025-02-17 11:47:13,381:INFO:self.USI: 8119
2025-02-17 11:47:13,381:INFO:self._variable_keys: {'y_test', 'html_param', 'y_train', 'exp_name_log', 'memory', 'n_jobs_param', 'seed', 'model_engines', 'log_plots_param', 'gpu_n_jobs_param', 'X_train_transformed', 'y_test_transformed', 'gpu_param', '_available_plots', 'significant_sps', 'approach_type', 'X_train', 'USI', 'enforce_pi', 'X_transformed', 'exp_id', 'X_test_transformed', 'candidate_sps', 'y', 'index_type', 'idx', 'X_test', 'logging_param', 'primary_sp_to_use', 'fold_generator', '_ml_usecase', 'enforce_exogenous', 'y_train_transformed', 'pipeline', 'significant_sps_no_harmonics', 'fh', 'strictly_positive', 'seasonality_present', 'fold_param', 'all_sps_to_use', 'exogenous_present', 'data', 'y_transformed', 'X'}
2025-02-17 11:47:13,382:INFO:Checking environment
2025-02-17 11:47:13,382:INFO:python_version: 3.11.9
2025-02-17 11:47:13,383:INFO:python_build: ('tags/v3.11.9:de54cf5', 'Apr  2 2024 10:12:12')
2025-02-17 11:47:13,383:INFO:machine: AMD64
2025-02-17 11:47:13,383:INFO:platform: Windows-10-10.0.26100-SP0
2025-02-17 11:47:13,390:INFO:Memory: svmem(total=7722795008, available=904851456, percent=88.3, used=6817943552, free=904851456)
2025-02-17 11:47:13,391:INFO:Physical Core: 6
2025-02-17 11:47:13,391:INFO:Logical Core: 12
2025-02-17 11:47:13,391:INFO:Checking libraries
2025-02-17 11:47:13,391:INFO:System:
2025-02-17 11:47:13,391:INFO:    python: 3.11.9 (tags/v3.11.9:de54cf5, Apr  2 2024, 10:12:12) [MSC v.1938 64 bit (AMD64)]
2025-02-17 11:47:13,391:INFO:executable: c:\Users\norma\OneDrive\Tecnoquimicas TQ\prueba_tq\venv\Scripts\python.exe
2025-02-17 11:47:13,391:INFO:   machine: Windows-10-10.0.26100-SP0
2025-02-17 11:47:13,391:INFO:PyCaret required dependencies:
2025-02-17 11:47:14,686:INFO:                 pip: 24.0
2025-02-17 11:47:14,686:INFO:          setuptools: 65.5.0
2025-02-17 11:47:14,686:INFO:             pycaret: 3.3.2
2025-02-17 11:47:14,686:INFO:             IPython: 8.32.0
2025-02-17 11:47:14,686:INFO:          ipywidgets: 8.1.5
2025-02-17 11:47:14,687:INFO:                tqdm: 4.67.1
2025-02-17 11:47:14,687:INFO:               numpy: 1.26.4
2025-02-17 11:47:14,687:INFO:              pandas: 2.0.3
2025-02-17 11:47:14,687:INFO:              jinja2: 3.1.5
2025-02-17 11:47:14,687:INFO:               scipy: 1.11.4
2025-02-17 11:47:14,687:INFO:              joblib: 1.3.2
2025-02-17 11:47:14,687:INFO:             sklearn: 1.4.2
2025-02-17 11:47:14,687:INFO:                pyod: 2.0.3
2025-02-17 11:47:14,687:INFO:            imblearn: 0.13.0
2025-02-17 11:47:14,687:INFO:   category_encoders: 2.7.0
2025-02-17 11:47:14,687:INFO:            lightgbm: 4.6.0
2025-02-17 11:47:14,687:INFO:               numba: 0.61.0
2025-02-17 11:47:14,687:INFO:            requests: 2.32.3
2025-02-17 11:47:14,687:INFO:          matplotlib: 3.7.5
2025-02-17 11:47:14,687:INFO:          scikitplot: 0.3.7
2025-02-17 11:47:14,687:INFO:         yellowbrick: 1.5
2025-02-17 11:47:14,687:INFO:              plotly: 5.24.1
2025-02-17 11:47:14,687:INFO:    plotly-resampler: Not installed
2025-02-17 11:47:14,688:INFO:             kaleido: 0.2.1
2025-02-17 11:47:14,688:INFO:           schemdraw: 0.15
2025-02-17 11:47:14,688:INFO:         statsmodels: 0.14.4
2025-02-17 11:47:14,688:INFO:              sktime: 0.26.0
2025-02-17 11:47:14,688:INFO:               tbats: 1.1.3
2025-02-17 11:47:14,688:INFO:            pmdarima: 2.0.4
2025-02-17 11:47:14,688:INFO:              psutil: 7.0.0
2025-02-17 11:47:14,688:INFO:          markupsafe: 3.0.2
2025-02-17 11:47:14,688:INFO:             pickle5: Not installed
2025-02-17 11:47:14,688:INFO:         cloudpickle: 3.1.1
2025-02-17 11:47:14,688:INFO:         deprecation: 2.1.0
2025-02-17 11:47:14,689:INFO:              xxhash: 3.5.0
2025-02-17 11:47:14,689:INFO:           wurlitzer: Not installed
2025-02-17 11:47:14,689:INFO:PyCaret optional dependencies:
2025-02-17 11:47:14,715:INFO:                shap: Not installed
2025-02-17 11:47:14,716:INFO:           interpret: Not installed
2025-02-17 11:47:14,716:INFO:                umap: Not installed
2025-02-17 11:47:14,716:INFO:     ydata_profiling: Not installed
2025-02-17 11:47:14,716:INFO:  explainerdashboard: Not installed
2025-02-17 11:47:14,716:INFO:             autoviz: Not installed
2025-02-17 11:47:14,716:INFO:           fairlearn: Not installed
2025-02-17 11:47:14,716:INFO:          deepchecks: Not installed
2025-02-17 11:47:14,716:INFO:             xgboost: Not installed
2025-02-17 11:47:14,716:INFO:            catboost: Not installed
2025-02-17 11:47:14,716:INFO:              kmodes: Not installed
2025-02-17 11:47:14,716:INFO:             mlxtend: Not installed
2025-02-17 11:47:14,716:INFO:       statsforecast: Not installed
2025-02-17 11:47:14,716:INFO:        tune_sklearn: Not installed
2025-02-17 11:47:14,716:INFO:                 ray: Not installed
2025-02-17 11:47:14,716:INFO:            hyperopt: Not installed
2025-02-17 11:47:14,716:INFO:              optuna: Not installed
2025-02-17 11:47:14,716:INFO:               skopt: Not installed
2025-02-17 11:47:14,716:INFO:              mlflow: Not installed
2025-02-17 11:47:14,716:INFO:              gradio: Not installed
2025-02-17 11:47:14,717:INFO:             fastapi: Not installed
2025-02-17 11:47:14,717:INFO:             uvicorn: Not installed
2025-02-17 11:47:14,717:INFO:              m2cgen: Not installed
2025-02-17 11:47:14,717:INFO:           evidently: Not installed
2025-02-17 11:47:14,717:INFO:               fugue: Not installed
2025-02-17 11:47:14,717:INFO:           streamlit: Not installed
2025-02-17 11:47:14,717:INFO:             prophet: 1.1.6
2025-02-17 11:47:14,717:INFO:None
2025-02-17 11:47:14,725:INFO:Set Forecast Horizon.
2025-02-17 11:47:14,725:INFO:Set up Train-Test Splits.
2025-02-17 11:51:49,541:INFO:Soft dependency imported: prophet: 1.1.6
2025-02-17 11:52:23,570:INFO:PyCaret TSForecastingExperiment
2025-02-17 11:52:23,570:INFO:Logging name: ts-default-name
2025-02-17 11:52:23,570:INFO:ML Usecase: MLUsecase.TIME_SERIES
2025-02-17 11:52:23,570:INFO:version 3.3.2
2025-02-17 11:52:23,570:INFO:Initializing setup()
2025-02-17 11:52:23,570:INFO:self.USI: 1a1a
2025-02-17 11:52:23,570:INFO:self._variable_keys: {'model_engines', 'seed', 'all_sps_to_use', 'gpu_n_jobs_param', 'strictly_positive', 'X_test_transformed', 'fh', 'y_train_transformed', 'html_param', 'significant_sps_no_harmonics', 'y_test_transformed', 'data', 'primary_sp_to_use', 'memory', 'y_train', 'exp_id', 'exogenous_present', 'X_test', 'enforce_exogenous', '_ml_usecase', 'pipeline', 'logging_param', 'y_transformed', 'candidate_sps', 'gpu_param', 'X', 'fold_param', 'n_jobs_param', 'seasonality_present', '_available_plots', 'y_test', 'significant_sps', 'index_type', 'X_train', 'y', 'exp_name_log', 'approach_type', 'enforce_pi', 'USI', 'X_transformed', 'X_train_transformed', 'fold_generator', 'log_plots_param', 'idx'}
2025-02-17 11:52:23,570:INFO:Checking environment
2025-02-17 11:52:23,570:INFO:python_version: 3.11.9
2025-02-17 11:52:23,570:INFO:python_build: ('tags/v3.11.9:de54cf5', 'Apr  2 2024 10:12:12')
2025-02-17 11:52:23,570:INFO:machine: AMD64
2025-02-17 11:52:23,570:INFO:platform: Windows-10-10.0.26100-SP0
2025-02-17 11:52:23,575:INFO:Memory: svmem(total=7722795008, available=727044096, percent=90.6, used=6995750912, free=727044096)
2025-02-17 11:52:23,576:INFO:Physical Core: 6
2025-02-17 11:52:23,576:INFO:Logical Core: 12
2025-02-17 11:52:23,576:INFO:Checking libraries
2025-02-17 11:52:23,576:INFO:System:
2025-02-17 11:52:23,576:INFO:    python: 3.11.9 (tags/v3.11.9:de54cf5, Apr  2 2024, 10:12:12) [MSC v.1938 64 bit (AMD64)]
2025-02-17 11:52:23,576:INFO:executable: c:\Users\norma\OneDrive\Tecnoquimicas TQ\prueba_tq\venv\Scripts\python.exe
2025-02-17 11:52:23,576:INFO:   machine: Windows-10-10.0.26100-SP0
2025-02-17 11:52:23,576:INFO:PyCaret required dependencies:
2025-02-17 11:52:23,648:INFO:                 pip: 24.0
2025-02-17 11:52:23,648:INFO:          setuptools: 65.5.0
2025-02-17 11:52:23,648:INFO:             pycaret: 3.3.2
2025-02-17 11:52:23,648:INFO:             IPython: 8.32.0
2025-02-17 11:52:23,648:INFO:          ipywidgets: 8.1.5
2025-02-17 11:52:23,648:INFO:                tqdm: 4.67.1
2025-02-17 11:52:23,648:INFO:               numpy: 1.26.4
2025-02-17 11:52:23,648:INFO:              pandas: 2.0.3
2025-02-17 11:52:23,648:INFO:              jinja2: 3.1.5
2025-02-17 11:52:23,648:INFO:               scipy: 1.11.4
2025-02-17 11:52:23,648:INFO:              joblib: 1.3.2
2025-02-17 11:52:23,648:INFO:             sklearn: 1.4.2
2025-02-17 11:52:23,648:INFO:                pyod: 2.0.3
2025-02-17 11:52:23,648:INFO:            imblearn: 0.13.0
2025-02-17 11:52:23,649:INFO:   category_encoders: 2.7.0
2025-02-17 11:52:23,649:INFO:            lightgbm: 4.6.0
2025-02-17 11:52:23,649:INFO:               numba: 0.61.0
2025-02-17 11:52:23,649:INFO:            requests: 2.32.3
2025-02-17 11:52:23,649:INFO:          matplotlib: 3.7.5
2025-02-17 11:52:23,649:INFO:          scikitplot: 0.3.7
2025-02-17 11:52:23,649:INFO:         yellowbrick: 1.5
2025-02-17 11:52:23,649:INFO:              plotly: 5.24.1
2025-02-17 11:52:23,649:INFO:    plotly-resampler: Not installed
2025-02-17 11:52:23,649:INFO:             kaleido: 0.2.1
2025-02-17 11:52:23,649:INFO:           schemdraw: 0.15
2025-02-17 11:52:23,649:INFO:         statsmodels: 0.14.4
2025-02-17 11:52:23,649:INFO:              sktime: 0.26.0
2025-02-17 11:52:23,649:INFO:               tbats: 1.1.3
2025-02-17 11:52:23,649:INFO:            pmdarima: 2.0.4
2025-02-17 11:52:23,649:INFO:              psutil: 7.0.0
2025-02-17 11:52:23,649:INFO:          markupsafe: 3.0.2
2025-02-17 11:52:23,649:INFO:             pickle5: Not installed
2025-02-17 11:52:23,649:INFO:         cloudpickle: 3.1.1
2025-02-17 11:52:23,649:INFO:         deprecation: 2.1.0
2025-02-17 11:52:23,649:INFO:              xxhash: 3.5.0
2025-02-17 11:52:23,649:INFO:           wurlitzer: Not installed
2025-02-17 11:52:23,649:INFO:PyCaret optional dependencies:
2025-02-17 11:52:23,671:INFO:                shap: Not installed
2025-02-17 11:52:23,671:INFO:           interpret: Not installed
2025-02-17 11:52:23,671:INFO:                umap: Not installed
2025-02-17 11:52:23,671:INFO:     ydata_profiling: Not installed
2025-02-17 11:52:23,671:INFO:  explainerdashboard: Not installed
2025-02-17 11:52:23,671:INFO:             autoviz: Not installed
2025-02-17 11:52:23,671:INFO:           fairlearn: Not installed
2025-02-17 11:52:23,671:INFO:          deepchecks: Not installed
2025-02-17 11:52:23,671:INFO:             xgboost: Not installed
2025-02-17 11:52:23,671:INFO:            catboost: Not installed
2025-02-17 11:52:23,671:INFO:              kmodes: Not installed
2025-02-17 11:52:23,671:INFO:             mlxtend: Not installed
2025-02-17 11:52:23,671:INFO:       statsforecast: Not installed
2025-02-17 11:52:23,671:INFO:        tune_sklearn: Not installed
2025-02-17 11:52:23,671:INFO:                 ray: Not installed
2025-02-17 11:52:23,671:INFO:            hyperopt: Not installed
2025-02-17 11:52:23,671:INFO:              optuna: Not installed
2025-02-17 11:52:23,671:INFO:               skopt: Not installed
2025-02-17 11:52:23,671:INFO:              mlflow: Not installed
2025-02-17 11:52:23,671:INFO:              gradio: Not installed
2025-02-17 11:52:23,671:INFO:             fastapi: Not installed
2025-02-17 11:52:23,672:INFO:             uvicorn: Not installed
2025-02-17 11:52:23,672:INFO:              m2cgen: Not installed
2025-02-17 11:52:23,672:INFO:           evidently: Not installed
2025-02-17 11:52:23,672:INFO:               fugue: Not installed
2025-02-17 11:52:23,672:INFO:           streamlit: Not installed
2025-02-17 11:52:23,672:INFO:             prophet: 1.1.6
2025-02-17 11:52:23,672:INFO:None
2025-02-17 11:53:12,396:INFO:PyCaret TSForecastingExperiment
2025-02-17 11:53:12,396:INFO:Logging name: ts-default-name
2025-02-17 11:53:12,396:INFO:ML Usecase: MLUsecase.TIME_SERIES
2025-02-17 11:53:12,396:INFO:version 3.3.2
2025-02-17 11:53:12,396:INFO:Initializing setup()
2025-02-17 11:53:12,396:INFO:self.USI: fdc2
2025-02-17 11:53:12,397:INFO:self._variable_keys: {'model_engines', 'seed', 'all_sps_to_use', 'gpu_n_jobs_param', 'strictly_positive', 'X_test_transformed', 'fh', 'y_train_transformed', 'html_param', 'significant_sps_no_harmonics', 'y_test_transformed', 'data', 'primary_sp_to_use', 'memory', 'y_train', 'exp_id', 'exogenous_present', 'X_test', 'enforce_exogenous', '_ml_usecase', 'pipeline', 'logging_param', 'y_transformed', 'candidate_sps', 'gpu_param', 'X', 'fold_param', 'n_jobs_param', 'seasonality_present', '_available_plots', 'y_test', 'significant_sps', 'index_type', 'X_train', 'y', 'exp_name_log', 'approach_type', 'enforce_pi', 'USI', 'X_transformed', 'X_train_transformed', 'fold_generator', 'log_plots_param', 'idx'}
2025-02-17 11:53:12,397:INFO:Checking environment
2025-02-17 11:53:12,397:INFO:python_version: 3.11.9
2025-02-17 11:53:12,397:INFO:python_build: ('tags/v3.11.9:de54cf5', 'Apr  2 2024 10:12:12')
2025-02-17 11:53:12,397:INFO:machine: AMD64
2025-02-17 11:53:12,397:INFO:platform: Windows-10-10.0.26100-SP0
2025-02-17 11:53:12,403:INFO:Memory: svmem(total=7722795008, available=826597376, percent=89.3, used=6896197632, free=826597376)
2025-02-17 11:53:12,404:INFO:Physical Core: 6
2025-02-17 11:53:12,404:INFO:Logical Core: 12
2025-02-17 11:53:12,404:INFO:Checking libraries
2025-02-17 11:53:12,404:INFO:System:
2025-02-17 11:53:12,404:INFO:    python: 3.11.9 (tags/v3.11.9:de54cf5, Apr  2 2024, 10:12:12) [MSC v.1938 64 bit (AMD64)]
2025-02-17 11:53:12,404:INFO:executable: c:\Users\norma\OneDrive\Tecnoquimicas TQ\prueba_tq\venv\Scripts\python.exe
2025-02-17 11:53:12,404:INFO:   machine: Windows-10-10.0.26100-SP0
2025-02-17 11:53:12,404:INFO:PyCaret required dependencies:
2025-02-17 11:53:12,404:INFO:                 pip: 24.0
2025-02-17 11:53:12,404:INFO:          setuptools: 65.5.0
2025-02-17 11:53:12,404:INFO:             pycaret: 3.3.2
2025-02-17 11:53:12,405:INFO:             IPython: 8.32.0
2025-02-17 11:53:12,405:INFO:          ipywidgets: 8.1.5
2025-02-17 11:53:12,405:INFO:                tqdm: 4.67.1
2025-02-17 11:53:12,405:INFO:               numpy: 1.26.4
2025-02-17 11:53:12,405:INFO:              pandas: 2.0.3
2025-02-17 11:53:12,405:INFO:              jinja2: 3.1.5
2025-02-17 11:53:12,405:INFO:               scipy: 1.11.4
2025-02-17 11:53:12,405:INFO:              joblib: 1.3.2
2025-02-17 11:53:12,405:INFO:             sklearn: 1.4.2
2025-02-17 11:53:12,405:INFO:                pyod: 2.0.3
2025-02-17 11:53:12,405:INFO:            imblearn: 0.13.0
2025-02-17 11:53:12,405:INFO:   category_encoders: 2.7.0
2025-02-17 11:53:12,405:INFO:            lightgbm: 4.6.0
2025-02-17 11:53:12,405:INFO:               numba: 0.61.0
2025-02-17 11:53:12,405:INFO:            requests: 2.32.3
2025-02-17 11:53:12,405:INFO:          matplotlib: 3.7.5
2025-02-17 11:53:12,405:INFO:          scikitplot: 0.3.7
2025-02-17 11:53:12,406:INFO:         yellowbrick: 1.5
2025-02-17 11:53:12,406:INFO:              plotly: 5.24.1
2025-02-17 11:53:12,406:INFO:    plotly-resampler: Not installed
2025-02-17 11:53:12,406:INFO:             kaleido: 0.2.1
2025-02-17 11:53:12,406:INFO:           schemdraw: 0.15
2025-02-17 11:53:12,406:INFO:         statsmodels: 0.14.4
2025-02-17 11:53:12,406:INFO:              sktime: 0.26.0
2025-02-17 11:53:12,406:INFO:               tbats: 1.1.3
2025-02-17 11:53:12,406:INFO:            pmdarima: 2.0.4
2025-02-17 11:53:12,406:INFO:              psutil: 7.0.0
2025-02-17 11:53:12,406:INFO:          markupsafe: 3.0.2
2025-02-17 11:53:12,406:INFO:             pickle5: Not installed
2025-02-17 11:53:12,406:INFO:         cloudpickle: 3.1.1
2025-02-17 11:53:12,406:INFO:         deprecation: 2.1.0
2025-02-17 11:53:12,406:INFO:              xxhash: 3.5.0
2025-02-17 11:53:12,406:INFO:           wurlitzer: Not installed
2025-02-17 11:53:12,406:INFO:PyCaret optional dependencies:
2025-02-17 11:53:12,406:INFO:                shap: Not installed
2025-02-17 11:53:12,407:INFO:           interpret: Not installed
2025-02-17 11:53:12,407:INFO:                umap: Not installed
2025-02-17 11:53:12,407:INFO:     ydata_profiling: Not installed
2025-02-17 11:53:12,407:INFO:  explainerdashboard: Not installed
2025-02-17 11:53:12,407:INFO:             autoviz: Not installed
2025-02-17 11:53:12,407:INFO:           fairlearn: Not installed
2025-02-17 11:53:12,407:INFO:          deepchecks: Not installed
2025-02-17 11:53:12,407:INFO:             xgboost: Not installed
2025-02-17 11:53:12,407:INFO:            catboost: Not installed
2025-02-17 11:53:12,407:INFO:              kmodes: Not installed
2025-02-17 11:53:12,407:INFO:             mlxtend: Not installed
2025-02-17 11:53:12,407:INFO:       statsforecast: Not installed
2025-02-17 11:53:12,408:INFO:        tune_sklearn: Not installed
2025-02-17 11:53:12,408:INFO:                 ray: Not installed
2025-02-17 11:53:12,408:INFO:            hyperopt: Not installed
2025-02-17 11:53:12,408:INFO:              optuna: Not installed
2025-02-17 11:53:12,408:INFO:               skopt: Not installed
2025-02-17 11:53:12,408:INFO:              mlflow: Not installed
2025-02-17 11:53:12,408:INFO:              gradio: Not installed
2025-02-17 11:53:12,408:INFO:             fastapi: Not installed
2025-02-17 11:53:12,408:INFO:             uvicorn: Not installed
2025-02-17 11:53:12,408:INFO:              m2cgen: Not installed
2025-02-17 11:53:12,408:INFO:           evidently: Not installed
2025-02-17 11:53:12,408:INFO:               fugue: Not installed
2025-02-17 11:53:12,408:INFO:           streamlit: Not installed
2025-02-17 11:53:12,408:INFO:             prophet: 1.1.6
2025-02-17 11:53:12,408:INFO:None
2025-02-17 11:53:12,416:INFO:Set Forecast Horizon.
2025-02-17 11:53:12,418:INFO:Set up Train-Test Splits.
2025-02-17 11:55:35,649:INFO:Soft dependency imported: prophet: 1.1.6
2025-02-17 11:57:23,171:INFO:PyCaret TSForecastingExperiment
2025-02-17 11:57:23,172:INFO:Logging name: ts-default-name
2025-02-17 11:57:23,172:INFO:ML Usecase: MLUsecase.TIME_SERIES
2025-02-17 11:57:23,172:INFO:version 3.3.2
2025-02-17 11:57:23,172:INFO:Initializing setup()
2025-02-17 11:57:23,172:INFO:self.USI: 8d31
2025-02-17 11:57:23,172:INFO:self._variable_keys: {'strictly_positive', 'fold_param', 'exp_id', 'gpu_param', 'y_train_transformed', 'X', 'seed', 'X_train', 'y_train', 'all_sps_to_use', 'y_test_transformed', 'log_plots_param', 'pipeline', 'gpu_n_jobs_param', 'exp_name_log', 'X_test_transformed', 'significant_sps', 'enforce_pi', 'fh', 'y', 'data', '_ml_usecase', 'approach_type', 'fold_generator', 'seasonality_present', '_available_plots', 'model_engines', 'n_jobs_param', 'logging_param', 'enforce_exogenous', 'significant_sps_no_harmonics', 'y_transformed', 'html_param', 'exogenous_present', 'X_transformed', 'X_train_transformed', 'idx', 'X_test', 'memory', 'USI', 'primary_sp_to_use', 'index_type', 'y_test', 'candidate_sps'}
2025-02-17 11:57:23,172:INFO:Checking environment
2025-02-17 11:57:23,172:INFO:python_version: 3.11.9
2025-02-17 11:57:23,172:INFO:python_build: ('tags/v3.11.9:de54cf5', 'Apr  2 2024 10:12:12')
2025-02-17 11:57:23,172:INFO:machine: AMD64
2025-02-17 11:57:23,172:INFO:platform: Windows-10-10.0.26100-SP0
2025-02-17 11:57:23,179:INFO:Memory: svmem(total=7722795008, available=1344786432, percent=82.6, used=6378008576, free=1344786432)
2025-02-17 11:57:23,179:INFO:Physical Core: 6
2025-02-17 11:57:23,179:INFO:Logical Core: 12
2025-02-17 11:57:23,179:INFO:Checking libraries
2025-02-17 11:57:23,179:INFO:System:
2025-02-17 11:57:23,179:INFO:    python: 3.11.9 (tags/v3.11.9:de54cf5, Apr  2 2024, 10:12:12) [MSC v.1938 64 bit (AMD64)]
2025-02-17 11:57:23,179:INFO:executable: c:\Users\norma\OneDrive\Tecnoquimicas TQ\prueba_tq\venv\Scripts\python.exe
2025-02-17 11:57:23,179:INFO:   machine: Windows-10-10.0.26100-SP0
2025-02-17 11:57:23,179:INFO:PyCaret required dependencies:
2025-02-17 11:57:23,261:INFO:                 pip: 24.0
2025-02-17 11:57:23,261:INFO:          setuptools: 65.5.0
2025-02-17 11:57:23,261:INFO:             pycaret: 3.3.2
2025-02-17 11:57:23,261:INFO:             IPython: 8.32.0
2025-02-17 11:57:23,261:INFO:          ipywidgets: 8.1.5
2025-02-17 11:57:23,261:INFO:                tqdm: 4.67.1
2025-02-17 11:57:23,261:INFO:               numpy: 1.26.4
2025-02-17 11:57:23,261:INFO:              pandas: 2.0.3
2025-02-17 11:57:23,261:INFO:              jinja2: 3.1.5
2025-02-17 11:57:23,261:INFO:               scipy: 1.11.4
2025-02-17 11:57:23,261:INFO:              joblib: 1.3.2
2025-02-17 11:57:23,262:INFO:             sklearn: 1.4.2
2025-02-17 11:57:23,262:INFO:                pyod: 2.0.3
2025-02-17 11:57:23,262:INFO:            imblearn: 0.13.0
2025-02-17 11:57:23,262:INFO:   category_encoders: 2.7.0
2025-02-17 11:57:23,262:INFO:            lightgbm: 4.6.0
2025-02-17 11:57:23,262:INFO:               numba: 0.61.0
2025-02-17 11:57:23,262:INFO:            requests: 2.32.3
2025-02-17 11:57:23,262:INFO:          matplotlib: 3.7.5
2025-02-17 11:57:23,262:INFO:          scikitplot: 0.3.7
2025-02-17 11:57:23,262:INFO:         yellowbrick: 1.5
2025-02-17 11:57:23,262:INFO:              plotly: 5.24.1
2025-02-17 11:57:23,262:INFO:    plotly-resampler: Not installed
2025-02-17 11:57:23,262:INFO:             kaleido: 0.2.1
2025-02-17 11:57:23,262:INFO:           schemdraw: 0.15
2025-02-17 11:57:23,262:INFO:         statsmodels: 0.14.4
2025-02-17 11:57:23,262:INFO:              sktime: 0.26.0
2025-02-17 11:57:23,262:INFO:               tbats: 1.1.3
2025-02-17 11:57:23,262:INFO:            pmdarima: 2.0.4
2025-02-17 11:57:23,262:INFO:              psutil: 7.0.0
2025-02-17 11:57:23,262:INFO:          markupsafe: 3.0.2
2025-02-17 11:57:23,262:INFO:             pickle5: Not installed
2025-02-17 11:57:23,262:INFO:         cloudpickle: 3.1.1
2025-02-17 11:57:23,262:INFO:         deprecation: 2.1.0
2025-02-17 11:57:23,262:INFO:              xxhash: 3.5.0
2025-02-17 11:57:23,262:INFO:           wurlitzer: Not installed
2025-02-17 11:57:23,262:INFO:PyCaret optional dependencies:
2025-02-17 11:57:23,282:INFO:                shap: Not installed
2025-02-17 11:57:23,282:INFO:           interpret: Not installed
2025-02-17 11:57:23,282:INFO:                umap: Not installed
2025-02-17 11:57:23,283:INFO:     ydata_profiling: Not installed
2025-02-17 11:57:23,283:INFO:  explainerdashboard: Not installed
2025-02-17 11:57:23,283:INFO:             autoviz: Not installed
2025-02-17 11:57:23,283:INFO:           fairlearn: Not installed
2025-02-17 11:57:23,283:INFO:          deepchecks: Not installed
2025-02-17 11:57:23,283:INFO:             xgboost: Not installed
2025-02-17 11:57:23,283:INFO:            catboost: Not installed
2025-02-17 11:57:23,283:INFO:              kmodes: Not installed
2025-02-17 11:57:23,283:INFO:             mlxtend: Not installed
2025-02-17 11:57:23,283:INFO:       statsforecast: Not installed
2025-02-17 11:57:23,283:INFO:        tune_sklearn: Not installed
2025-02-17 11:57:23,283:INFO:                 ray: Not installed
2025-02-17 11:57:23,283:INFO:            hyperopt: Not installed
2025-02-17 11:57:23,283:INFO:              optuna: Not installed
2025-02-17 11:57:23,283:INFO:               skopt: Not installed
2025-02-17 11:57:23,283:INFO:              mlflow: Not installed
2025-02-17 11:57:23,283:INFO:              gradio: Not installed
2025-02-17 11:57:23,283:INFO:             fastapi: Not installed
2025-02-17 11:57:23,283:INFO:             uvicorn: Not installed
2025-02-17 11:57:23,283:INFO:              m2cgen: Not installed
2025-02-17 11:57:23,283:INFO:           evidently: Not installed
2025-02-17 11:57:23,283:INFO:               fugue: Not installed
2025-02-17 11:57:23,283:INFO:           streamlit: Not installed
2025-02-17 11:57:23,283:INFO:             prophet: 1.1.6
2025-02-17 11:57:23,283:INFO:None
2025-02-17 11:57:23,289:INFO:Set Forecast Horizon.
2025-02-17 11:57:23,290:INFO:Set up Train-Test Splits.
2025-02-17 11:59:42,185:INFO:Soft dependency imported: prophet: 1.1.6
2025-02-17 11:59:54,711:INFO:PyCaret TSForecastingExperiment
2025-02-17 11:59:54,711:INFO:Logging name: ts-default-name
2025-02-17 11:59:54,711:INFO:ML Usecase: MLUsecase.TIME_SERIES
2025-02-17 11:59:54,711:INFO:version 3.3.2
2025-02-17 11:59:54,711:INFO:Initializing setup()
2025-02-17 11:59:54,711:INFO:self.USI: 682a
2025-02-17 11:59:54,711:INFO:self._variable_keys: {'logging_param', 'seasonality_present', 'significant_sps', 'seed', 'X_test', 'data', 'exp_id', 'y_train_transformed', 'exp_name_log', 'X', 'model_engines', 'X_test_transformed', 'index_type', 'idx', 'y', 'significant_sps_no_harmonics', 'X_train', 'memory', 'USI', 'gpu_param', 'gpu_n_jobs_param', 'enforce_exogenous', 'fh', 'candidate_sps', 'fold_generator', '_available_plots', 'approach_type', 'y_train', 'all_sps_to_use', 'enforce_pi', 'log_plots_param', 'y_test', 'exogenous_present', 'X_transformed', 'html_param', 'strictly_positive', 'X_train_transformed', 'n_jobs_param', 'y_test_transformed', 'y_transformed', '_ml_usecase', 'fold_param', 'primary_sp_to_use', 'pipeline'}
2025-02-17 11:59:54,711:INFO:Checking environment
2025-02-17 11:59:54,712:INFO:python_version: 3.11.9
2025-02-17 11:59:54,712:INFO:python_build: ('tags/v3.11.9:de54cf5', 'Apr  2 2024 10:12:12')
2025-02-17 11:59:54,712:INFO:machine: AMD64
2025-02-17 11:59:54,712:INFO:platform: Windows-10-10.0.26100-SP0
2025-02-17 11:59:54,720:INFO:Memory: svmem(total=7722795008, available=1109303296, percent=85.6, used=6613491712, free=1109303296)
2025-02-17 11:59:54,720:INFO:Physical Core: 6
2025-02-17 11:59:54,720:INFO:Logical Core: 12
2025-02-17 11:59:54,720:INFO:Checking libraries
2025-02-17 11:59:54,720:INFO:System:
2025-02-17 11:59:54,720:INFO:    python: 3.11.9 (tags/v3.11.9:de54cf5, Apr  2 2024, 10:12:12) [MSC v.1938 64 bit (AMD64)]
2025-02-17 11:59:54,720:INFO:executable: c:\Users\norma\OneDrive\Tecnoquimicas TQ\prueba_tq\venv\Scripts\python.exe
2025-02-17 11:59:54,720:INFO:   machine: Windows-10-10.0.26100-SP0
2025-02-17 11:59:54,721:INFO:PyCaret required dependencies:
2025-02-17 11:59:56,780:INFO:                 pip: 24.0
2025-02-17 11:59:56,780:INFO:          setuptools: 65.5.0
2025-02-17 11:59:56,780:INFO:             pycaret: 3.3.2
2025-02-17 11:59:56,780:INFO:             IPython: 8.32.0
2025-02-17 11:59:56,780:INFO:          ipywidgets: 8.1.5
2025-02-17 11:59:56,780:INFO:                tqdm: 4.67.1
2025-02-17 11:59:56,780:INFO:               numpy: 1.26.4
2025-02-17 11:59:56,781:INFO:              pandas: 2.0.3
2025-02-17 11:59:56,781:INFO:              jinja2: 3.1.5
2025-02-17 11:59:56,781:INFO:               scipy: 1.11.4
2025-02-17 11:59:56,781:INFO:              joblib: 1.3.2
2025-02-17 11:59:56,781:INFO:             sklearn: 1.4.2
2025-02-17 11:59:56,781:INFO:                pyod: 2.0.3
2025-02-17 11:59:56,781:INFO:            imblearn: 0.13.0
2025-02-17 11:59:56,781:INFO:   category_encoders: 2.7.0
2025-02-17 11:59:56,781:INFO:            lightgbm: 4.6.0
2025-02-17 11:59:56,781:INFO:               numba: 0.61.0
2025-02-17 11:59:56,781:INFO:            requests: 2.32.3
2025-02-17 11:59:56,781:INFO:          matplotlib: 3.7.5
2025-02-17 11:59:56,781:INFO:          scikitplot: 0.3.7
2025-02-17 11:59:56,781:INFO:         yellowbrick: 1.5
2025-02-17 11:59:56,781:INFO:              plotly: 5.24.1
2025-02-17 11:59:56,781:INFO:    plotly-resampler: Not installed
2025-02-17 11:59:56,781:INFO:             kaleido: 0.2.1
2025-02-17 11:59:56,781:INFO:           schemdraw: 0.15
2025-02-17 11:59:56,781:INFO:         statsmodels: 0.14.4
2025-02-17 11:59:56,782:INFO:              sktime: 0.26.0
2025-02-17 11:59:56,782:INFO:               tbats: 1.1.3
2025-02-17 11:59:56,782:INFO:            pmdarima: 2.0.4
2025-02-17 11:59:56,782:INFO:              psutil: 7.0.0
2025-02-17 11:59:56,782:INFO:          markupsafe: 3.0.2
2025-02-17 11:59:56,782:INFO:             pickle5: Not installed
2025-02-17 11:59:56,782:INFO:         cloudpickle: 3.1.1
2025-02-17 11:59:56,782:INFO:         deprecation: 2.1.0
2025-02-17 11:59:56,782:INFO:              xxhash: 3.5.0
2025-02-17 11:59:56,782:INFO:           wurlitzer: Not installed
2025-02-17 11:59:56,782:INFO:PyCaret optional dependencies:
2025-02-17 11:59:56,806:INFO:                shap: Not installed
2025-02-17 11:59:56,806:INFO:           interpret: Not installed
2025-02-17 11:59:56,806:INFO:                umap: Not installed
2025-02-17 11:59:56,806:INFO:     ydata_profiling: Not installed
2025-02-17 11:59:56,806:INFO:  explainerdashboard: Not installed
2025-02-17 11:59:56,806:INFO:             autoviz: Not installed
2025-02-17 11:59:56,806:INFO:           fairlearn: Not installed
2025-02-17 11:59:56,806:INFO:          deepchecks: Not installed
2025-02-17 11:59:56,806:INFO:             xgboost: Not installed
2025-02-17 11:59:56,806:INFO:            catboost: Not installed
2025-02-17 11:59:56,806:INFO:              kmodes: Not installed
2025-02-17 11:59:56,806:INFO:             mlxtend: Not installed
2025-02-17 11:59:56,806:INFO:       statsforecast: Not installed
2025-02-17 11:59:56,806:INFO:        tune_sklearn: Not installed
2025-02-17 11:59:56,806:INFO:                 ray: Not installed
2025-02-17 11:59:56,806:INFO:            hyperopt: Not installed
2025-02-17 11:59:56,806:INFO:              optuna: Not installed
2025-02-17 11:59:56,806:INFO:               skopt: Not installed
2025-02-17 11:59:56,806:INFO:              mlflow: Not installed
2025-02-17 11:59:56,806:INFO:              gradio: Not installed
2025-02-17 11:59:56,807:INFO:             fastapi: Not installed
2025-02-17 11:59:56,807:INFO:             uvicorn: Not installed
2025-02-17 11:59:56,807:INFO:              m2cgen: Not installed
2025-02-17 11:59:56,807:INFO:           evidently: Not installed
2025-02-17 11:59:56,807:INFO:               fugue: Not installed
2025-02-17 11:59:56,807:INFO:           streamlit: Not installed
2025-02-17 11:59:56,807:INFO:             prophet: 1.1.6
2025-02-17 11:59:56,807:INFO:None
2025-02-17 11:59:56,809:INFO:Set Forecast Horizon.
2025-02-17 11:59:56,810:INFO:Set up Train-Test Splits.
2025-02-17 12:00:30,900:INFO:PyCaret TSForecastingExperiment
2025-02-17 12:00:30,900:INFO:Logging name: ts-default-name
2025-02-17 12:00:30,900:INFO:ML Usecase: MLUsecase.TIME_SERIES
2025-02-17 12:00:30,901:INFO:version 3.3.2
2025-02-17 12:00:30,901:INFO:Initializing setup()
2025-02-17 12:00:30,901:INFO:self.USI: 8fa3
2025-02-17 12:00:30,901:INFO:self._variable_keys: {'logging_param', 'seasonality_present', 'significant_sps', 'seed', 'X_test', 'data', 'exp_id', 'y_train_transformed', 'exp_name_log', 'X', 'model_engines', 'X_test_transformed', 'index_type', 'idx', 'y', 'significant_sps_no_harmonics', 'X_train', 'memory', 'USI', 'gpu_param', 'gpu_n_jobs_param', 'enforce_exogenous', 'fh', 'candidate_sps', 'fold_generator', '_available_plots', 'approach_type', 'y_train', 'all_sps_to_use', 'enforce_pi', 'log_plots_param', 'y_test', 'exogenous_present', 'X_transformed', 'html_param', 'strictly_positive', 'X_train_transformed', 'n_jobs_param', 'y_test_transformed', 'y_transformed', '_ml_usecase', 'fold_param', 'primary_sp_to_use', 'pipeline'}
2025-02-17 12:00:30,901:INFO:Checking environment
2025-02-17 12:00:30,901:INFO:python_version: 3.11.9
2025-02-17 12:00:30,901:INFO:python_build: ('tags/v3.11.9:de54cf5', 'Apr  2 2024 10:12:12')
2025-02-17 12:00:30,901:INFO:machine: AMD64
2025-02-17 12:00:30,901:INFO:platform: Windows-10-10.0.26100-SP0
2025-02-17 12:00:30,908:INFO:Memory: svmem(total=7722795008, available=1274675200, percent=83.5, used=6448119808, free=1274675200)
2025-02-17 12:00:30,908:INFO:Physical Core: 6
2025-02-17 12:00:30,909:INFO:Logical Core: 12
2025-02-17 12:00:30,909:INFO:Checking libraries
2025-02-17 12:00:30,909:INFO:System:
2025-02-17 12:00:30,909:INFO:    python: 3.11.9 (tags/v3.11.9:de54cf5, Apr  2 2024, 10:12:12) [MSC v.1938 64 bit (AMD64)]
2025-02-17 12:00:30,909:INFO:executable: c:\Users\norma\OneDrive\Tecnoquimicas TQ\prueba_tq\venv\Scripts\python.exe
2025-02-17 12:00:30,910:INFO:   machine: Windows-10-10.0.26100-SP0
2025-02-17 12:00:30,910:INFO:PyCaret required dependencies:
2025-02-17 12:00:30,910:INFO:                 pip: 24.0
2025-02-17 12:00:30,911:INFO:          setuptools: 65.5.0
2025-02-17 12:00:30,911:INFO:             pycaret: 3.3.2
2025-02-17 12:00:30,911:INFO:             IPython: 8.32.0
2025-02-17 12:00:30,911:INFO:          ipywidgets: 8.1.5
2025-02-17 12:00:30,911:INFO:                tqdm: 4.67.1
2025-02-17 12:00:30,911:INFO:               numpy: 1.26.4
2025-02-17 12:00:30,911:INFO:              pandas: 2.0.3
2025-02-17 12:00:30,911:INFO:              jinja2: 3.1.5
2025-02-17 12:00:30,911:INFO:               scipy: 1.11.4
2025-02-17 12:00:30,911:INFO:              joblib: 1.3.2
2025-02-17 12:00:30,911:INFO:             sklearn: 1.4.2
2025-02-17 12:00:30,911:INFO:                pyod: 2.0.3
2025-02-17 12:00:30,911:INFO:            imblearn: 0.13.0
2025-02-17 12:00:30,911:INFO:   category_encoders: 2.7.0
2025-02-17 12:00:30,911:INFO:            lightgbm: 4.6.0
2025-02-17 12:00:30,913:INFO:               numba: 0.61.0
2025-02-17 12:00:30,913:INFO:            requests: 2.32.3
2025-02-17 12:00:30,913:INFO:          matplotlib: 3.7.5
2025-02-17 12:00:30,913:INFO:          scikitplot: 0.3.7
2025-02-17 12:00:30,913:INFO:         yellowbrick: 1.5
2025-02-17 12:00:30,913:INFO:              plotly: 5.24.1
2025-02-17 12:00:30,913:INFO:    plotly-resampler: Not installed
2025-02-17 12:00:30,913:INFO:             kaleido: 0.2.1
2025-02-17 12:00:30,913:INFO:           schemdraw: 0.15
2025-02-17 12:00:30,913:INFO:         statsmodels: 0.14.4
2025-02-17 12:00:30,913:INFO:              sktime: 0.26.0
2025-02-17 12:00:30,913:INFO:               tbats: 1.1.3
2025-02-17 12:00:30,913:INFO:            pmdarima: 2.0.4
2025-02-17 12:00:30,913:INFO:              psutil: 7.0.0
2025-02-17 12:00:30,913:INFO:          markupsafe: 3.0.2
2025-02-17 12:00:30,913:INFO:             pickle5: Not installed
2025-02-17 12:00:30,913:INFO:         cloudpickle: 3.1.1
2025-02-17 12:00:30,913:INFO:         deprecation: 2.1.0
2025-02-17 12:00:30,913:INFO:              xxhash: 3.5.0
2025-02-17 12:00:30,913:INFO:           wurlitzer: Not installed
2025-02-17 12:00:30,913:INFO:PyCaret optional dependencies:
2025-02-17 12:00:30,914:INFO:                shap: Not installed
2025-02-17 12:00:30,914:INFO:           interpret: Not installed
2025-02-17 12:00:30,914:INFO:                umap: Not installed
2025-02-17 12:00:30,914:INFO:     ydata_profiling: Not installed
2025-02-17 12:00:30,914:INFO:  explainerdashboard: Not installed
2025-02-17 12:00:30,914:INFO:             autoviz: Not installed
2025-02-17 12:00:30,914:INFO:           fairlearn: Not installed
2025-02-17 12:00:30,914:INFO:          deepchecks: Not installed
2025-02-17 12:00:30,914:INFO:             xgboost: Not installed
2025-02-17 12:00:30,914:INFO:            catboost: Not installed
2025-02-17 12:00:30,914:INFO:              kmodes: Not installed
2025-02-17 12:00:30,914:INFO:             mlxtend: Not installed
2025-02-17 12:00:30,914:INFO:       statsforecast: Not installed
2025-02-17 12:00:30,914:INFO:        tune_sklearn: Not installed
2025-02-17 12:00:30,914:INFO:                 ray: Not installed
2025-02-17 12:00:30,914:INFO:            hyperopt: Not installed
2025-02-17 12:00:30,915:INFO:              optuna: Not installed
2025-02-17 12:00:30,915:INFO:               skopt: Not installed
2025-02-17 12:00:30,915:INFO:              mlflow: Not installed
2025-02-17 12:00:30,915:INFO:              gradio: Not installed
2025-02-17 12:00:30,915:INFO:             fastapi: Not installed
2025-02-17 12:00:30,915:INFO:             uvicorn: Not installed
2025-02-17 12:00:30,915:INFO:              m2cgen: Not installed
2025-02-17 12:00:30,915:INFO:           evidently: Not installed
2025-02-17 12:00:30,915:INFO:               fugue: Not installed
2025-02-17 12:00:30,915:INFO:           streamlit: Not installed
2025-02-17 12:00:30,915:INFO:             prophet: 1.1.6
2025-02-17 12:00:30,916:INFO:None
2025-02-17 12:00:30,918:INFO:Set Forecast Horizon.
2025-02-17 12:00:30,919:INFO:Set up Train-Test Splits.
